[2026-03-21 20:23:14] [orchestration] [INFO] ============================================================
[2026-03-21 20:23:14] [orchestration] [INFO] PIPELINE START — 2026-03-21 20:23:14
[2026-03-21 20:23:14] [orchestration] [INFO] ============================================================
[2026-03-21 20:23:14] [orchestration] [INFO] STAGE 1: Ingestion (web scraping)
[2026-03-21 20:24:23] [orchestration] [INFO] ============================================================
[2026-03-21 20:24:23] [orchestration] [INFO] PIPELINE START — 2026-03-21 20:24:23
[2026-03-21 20:24:23] [orchestration] [INFO] ============================================================
[2026-03-21 20:24:23] [orchestration] [INFO] STAGE 1: Ingestion (web scraping)
[2026-03-21 20:24:23] [orchestration] [INFO] Cleaned up 0 expired articles
[2026-03-21 20:24:23] [orchestration] [INFO] Articles before scrape: 487
[2026-03-21 20:24:27] [ingestion.scraper] [INFO] Starting scraping process...
[2026-03-21 20:24:27] [ingestion.scraper] [INFO] ==================================================
[2026-03-21 20:24:27] [ingestion.scraper] [INFO] Scraping Daily Mirror...
[2026-03-21 20:24:27] [ingestion.scraper] [INFO] Loading: https://www.dailymirror.lk/business-news/215
[2026-03-21 20:24:38] [ingestion.scraper] [INFO] Found 0 article links
[2026-03-21 20:24:38] [ingestion.scraper] [INFO] Daily Mirror completed
[2026-03-21 20:24:38] [ingestion.scraper] [INFO] ==================================================
[2026-03-21 20:24:38] [ingestion.scraper] [INFO] Scraping Sunday Times...
[2026-03-21 20:24:46] [ingestion.scraper] [INFO] [SundayTimes] Dialog’s drone countdown...
[2026-03-21 20:24:47] [ingestion.scraper] [INFO] [SundayTimes] SOEs vested in line ministries to drive economic growth...
[2026-03-21 20:24:48] [ingestion.scraper] [INFO] [SundayTimes] Govt. seeks investors for nuclear power plants...
[2026-03-21 20:24:49] [ingestion.scraper] [INFO] [SundayTimes] Seeking OPEC-led investments in energy sector...
[2026-03-21 20:24:51] [ingestion.scraper] [INFO] [SundayTimes] Growers want  coconut auction back!...
[2026-03-21 20:24:51] [ingestion.scraper] [DEBUG] [SundayTimes] Skipped (empty): https://www.sundaytimes.lk/250105/business-times/safaris-to-yala-at-eluvankulama-cancelled-583374.html
[2026-03-21 20:24:52] [ingestion.scraper] [INFO] [SundayTimes] Upcoming budget, positive indicators, great for CSE...
[2026-03-21 20:24:53] [ingestion.scraper] [INFO] [SundayTimes] Migration trail...
[2026-03-21 20:24:54] [ingestion.scraper] [INFO] [SundayTimes] Keeping people poor and malnourished…!...
[2026-03-21 20:24:55] [ingestion.scraper] [INFO] [SundayTimes] Sri Lanka’s canned fish price controls spark quality, indust...
[2026-03-21 20:24:56] [ingestion.scraper] [INFO] [SundayTimes] Sigiriya to be restored with KOICA, ADB support...
[2026-03-21 20:24:57] [ingestion.scraper] [INFO] [SundayTimes] Nimal exits NGage Strategic Alliance, Sheron Jayasundara tak...
[2026-03-21 20:24:58] [ingestion.scraper] [INFO] [SundayTimes] SAGT surpasses epic  2 million TEU milestone again in 2024...
[2026-03-21 20:24:59] [ingestion.scraper] [INFO] [SundayTimes] Thilan contributes to Global South Blue Economy at Cape Town...
[2026-03-21 20:25:01] [ingestion.scraper] [INFO] [SundayTimes] Landmark Food and Beverage regulations...
[2026-03-21 20:25:02] [ingestion.scraper] [INFO] [SundayTimes] EDB hosts networking session for female entrepreneurs...
[2026-03-21 20:25:02] [ingestion.scraper] [INFO] Sunday Times completed
[2026-03-21 20:25:02] [ingestion.scraper] [INFO] ==================================================
[2026-03-21 20:25:02] [ingestion.scraper] [INFO] Scraping The Morning...
[2026-03-21 20:25:08] [ingestion.scraper] [INFO] The Morning completed
[2026-03-21 20:25:08] [ingestion.scraper] [INFO] ==================================================
[2026-03-21 20:25:08] [ingestion.scraper] [INFO] Scraping FT.lk...
[2026-03-21 20:25:17] [ingestion.scraper] [INFO] [FT.lk] Lankadeepa FT–Lanka Business TV ‘Wiyawasayakaya’ business an...
[2026-03-21 20:25:19] [ingestion.scraper] [INFO] [FT.lk] NTB partners NCE to strengthen support for Sri Lankan export...
[2026-03-21 20:25:21] [ingestion.scraper] [INFO] [FT.lk] New Anthoney’s Farms marks third year at Healthy Living Expo...
[2026-03-21 20:25:23] [ingestion.scraper] [INFO] [FT.lk] Capacity-building program for  25 officials from CBSL at Res...
[2026-03-21 20:25:25] [ingestion.scraper] [INFO] [FT.lk] CDB champions women entrepreneurs through CAN Market partner...
[2026-03-21 20:25:27] [ingestion.scraper] [INFO] [FT.lk] Home Lands delivers 3,500 resort apartments and villas...
[2026-03-21 20:25:29] [ingestion.scraper] [INFO] [FT.lk] Deloitte Tax Leader Charmaine Tillekeratne recognised as Hig...
[2026-03-21 20:25:30] [ingestion.scraper] [INFO] [FT.lk] Britol and GP Certified introduce certified recycled plastic...
[2026-03-21 20:25:32] [ingestion.scraper] [INFO] [FT.lk] Fuel QR system gets override option to fix registration hass...
[2026-03-21 20:25:34] [ingestion.scraper] [INFO] [FT.lk] Hayleys oversubscribed debenture issue raises Rs. 5.82 b in ...
[2026-03-21 20:25:36] [ingestion.scraper] [INFO] [FT.lk] New hotline launched for National Fuel Pass complaints...
[2026-03-21 20:25:38] [ingestion.scraper] [INFO] [FT.lk] Ambeon Holdings proposes 1-for-4 share subdivision...
[2026-03-21 20:25:40] [ingestion.scraper] [INFO] [FT.lk] UN maritime body urges ‘safe maritime corridor’ in Gulf...
[2026-03-21 20:25:42] [ingestion.scraper] [INFO] [FT.lk] South Asian icons from Bangladesh, Sri Lanka, India and Paki...
[2026-03-21 20:25:44] [ingestion.scraper] [INFO] [FT.lk] Hayleys debenture issue oversubscribed...
[2026-03-21 20:25:46] [ingestion.scraper] [INFO] [FT.lk] Cabinet clears move to amend duty-free rules at Colombo Port...
[2026-03-21 20:25:48] [ingestion.scraper] [INFO] [FT.lk] PUCSL to decide on electricity tariff hike within March afte...
[2026-03-21 20:25:50] [ingestion.scraper] [INFO] [FT.lk] Forbes Marshall Lanka wins Gold Flame at Sri Lanka National ...
[2026-03-21 20:25:52] [ingestion.scraper] [INFO] [FT.lk] “Sustainability Reporting for Corporates” seminar on 26 Marc...
[2026-03-21 20:25:54] [ingestion.scraper] [INFO] [FT.lk] EDB, Verité Research empower women-led exporters in Kandy wi...
[2026-03-21 20:25:56] [ingestion.scraper] [INFO] [FT.lk] SLAMERP celebrates 40 years of strengthening rubber products...
[2026-03-21 20:25:58] [ingestion.scraper] [INFO] [FT.lk] Manufacturing, services PMI picks up in Feb....
[2026-03-21 20:26:00] [ingestion.scraper] [INFO] [FT.lk] Trump’s un-holy war...
[2026-03-21 20:26:02] [ingestion.scraper] [INFO] [FT.lk] Lost opportunities and cost of mistakes...
[2026-03-21 20:26:03] [ingestion.scraper] [INFO] [FT.lk] Access, not demand will decide Sri Lanka tourism’s future...
[2026-03-21 20:26:05] [ingestion.scraper] [INFO] [FT.lk] Quarter Finals this weekend set to distinguish cream of Scho...
[2026-03-21 20:26:12] [ingestion.scraper] [INFO] [FT.lk] Energy is national security: Why Sri Lanka’s future depends ...
[2026-03-21 20:26:14] [ingestion.scraper] [INFO] [FT.lk] Extra exposure to external shock; Existential war in the Mid...
[2026-03-21 20:26:16] [ingestion.scraper] [INFO] [FT.lk] Wars, rumours of wars, and a game of oil and fire...
[2026-03-21 20:26:18] [ingestion.scraper] [INFO] [FT.lk] Naval hostilities off Sri Lanka and the need to preserve Ind...
[2026-03-21 20:26:20] [ingestion.scraper] [INFO] [FT.lk] UN failure to broker a de-escalation is a tragedy for the wo...
[2026-03-21 20:26:22] [ingestion.scraper] [INFO] [FT.lk] Does new IR Bill violate Constitution over IFRS 17?...
[2026-03-21 20:26:24] [ingestion.scraper] [INFO] [FT.lk] Importance of a benchmarking database for effective implemen...
[2026-03-21 20:26:26] [ingestion.scraper] [INFO] [FT.lk] National Fuel Pass and fiction of Sri Lanka’s digitalisation...
[2026-03-21 20:26:28] [ingestion.scraper] [INFO] [FT.lk] Lessons from the past, what lesson may I ask?  Sri Lanka’s g...
[2026-03-21 20:26:30] [ingestion.scraper] [INFO] [FT.lk] Summa simmers Thora in sour soup...
[2026-03-21 20:26:32] [ingestion.scraper] [INFO] [FT.lk] Thurstanites expose Super-Lion’s Kryptonite...
[2026-03-21 20:26:33] [ingestion.scraper] [INFO] [FT.lk] The Reckoning: Blackmail, broken alliances and end of Petro-...
[2026-03-21 20:26:35] [ingestion.scraper] [INFO] [FT.lk] US-UK-France: Move out of Indian Ocean; time to close milita...
[2026-03-21 20:26:37] [ingestion.scraper] [INFO] [FT.lk] Opening the lid on the genie:  Telltale evidence and terrori...
[2026-03-21 20:26:39] [ingestion.scraper] [INFO] [FT.lk] Crowd, memory and the 280 dead...
[2026-03-21 20:26:41] [ingestion.scraper] [INFO] [FT.lk] Converting Middle East crisis into Sri Lanka’s opportunity...
[2026-03-21 20:26:43] [ingestion.scraper] [INFO] [FT.lk] Private sector counts early losses, wider risks from ME war...
[2026-03-21 20:26:44] [ingestion.scraper] [INFO] [FT.lk] Cabinet clears Rs. 646 m JICA-backed project to strengthen K...
[2026-03-21 20:26:48] [ingestion.scraper] [INFO] [FT.lk] Mideast war hits tourism with ‘noticeable’ cancellations: SL...
[2026-03-21 20:26:50] [ingestion.scraper] [INFO] [FT.lk] Oil and dollars in hand,  but no ships: Energy Minister...
[2026-03-21 20:26:52] [ingestion.scraper] [INFO] [FT.lk] No severe sovereign rating downside risk for SL: Fitch...
[2026-03-21 20:26:54] [ingestion.scraper] [INFO] [FT.lk] Privilege, compliance and fiscal trust: Rethinking taxpayer ...
[2026-03-21 20:26:56] [ingestion.scraper] [INFO] [FT.lk] CWIT reaches 1m TEUs in first year...
[2026-03-21 20:26:57] [ingestion.scraper] [INFO] [FT.lk] Seylan opens its 290th ‘Pahasara’ library...
[2026-03-21 20:26:59] [ingestion.scraper] [INFO] [FT.lk] Cambridge drives new era of digital maturity for age of AI...
[2026-03-21 20:27:01] [ingestion.scraper] [INFO] [FT.lk] Sunshine Holdings advances Group-wide digital transformation...
[2026-03-21 20:27:03] [ingestion.scraper] [INFO] [FT.lk] Embedding human rights, equity and integrity into business l...
[2026-03-21 20:27:05] [ingestion.scraper] [INFO] [FT.lk] Elephant House Ice Cream launches new flavours and formats w...
[2026-03-21 20:27:07] [ingestion.scraper] [INFO] [FT.lk] Ramadan feast awaits at ITC Ratnadipa till 19 March...
[2026-03-21 20:27:07] [ingestion.scraper] [INFO] FT.lk completed
[2026-03-21 20:27:07] [ingestion.scraper] [INFO] ==================================================
[2026-03-21 20:27:07] [ingestion.scraper] [INFO] Scraping EconomyNext...
[2026-03-21 20:27:13] [ingestion.scraper] [INFO] [EconomyNext] 500 - Internal Server Error...
[2026-03-21 20:27:15] [ingestion.scraper] [INFO] [EconomyNext] Sri Lanka avoided Russian oil to dodge US friction: Presiden...
[2026-03-21 20:27:16] [ingestion.scraper] [INFO] [EconomyNext] Sri Lanka building unified missing persons database with ICR...
[2026-03-21 20:27:16] [ingestion.scraper] [INFO] [EconomyNext] Sri Lanka sells extra Rs3.3bn Treasury bills after auction...
[2026-03-21 20:27:17] [ingestion.scraper] [INFO] [EconomyNext] Sri Lanka’s tourism, tea, textile shares suffer after Gulf e...
[2026-03-21 20:27:19] [ingestion.scraper] [INFO] [EconomyNext] Sri Lanka rupee weaker, bond yields recover...
[2026-03-21 20:27:20] [ingestion.scraper] [INFO] [EconomyNext] Sri Lanka president seeks to set the record straight after U...
[2026-03-21 20:27:36] [ingestion.scraper] [INFO] [EconomyNext] US’s Sergio Gor meets Sri Lanka Navy amidst ongoing war on I...
[2026-03-21 20:27:37] [ingestion.scraper] [INFO] [EconomyNext] Sri Lanka stocks trend up as brent drops below $110...
[2026-03-21 20:27:38] [ingestion.scraper] [INFO] [EconomyNext] Sri Lanka rupee weaker, bond yields stabilize...
[2026-03-21 20:27:39] [ingestion.scraper] [INFO] [EconomyNext] SriLankan Airlines swaps defaulted bonds successfully in res...
[2026-03-21 20:27:39] [ingestion.scraper] [INFO] [EconomyNext] IMF team in Sri Lanka for two reviews on reforms...
[2026-03-21 20:27:40] [ingestion.scraper] [INFO] [EconomyNext] Sri Lanka pins hopes on Trinco oil tanks as long term soluti...
[2026-03-21 20:27:41] [ingestion.scraper] [INFO] [EconomyNext] Sri Lanka rupee weaker, bond yields close up...
[2026-03-21 20:27:43] [ingestion.scraper] [INFO] [EconomyNext] Sri Lanka stocks close down 1.82-pct as market reacts to esc...
[2026-03-21 20:27:44] [ingestion.scraper] [INFO] [EconomyNext] US envoy Gor meets Sri Lanka president...
[2026-03-21 20:27:45] [ingestion.scraper] [INFO] [EconomyNext] 23 Sri Lanka nationals evacuated due to Israeli air strikes ...
[2026-03-21 20:27:46] [ingestion.scraper] [INFO] [EconomyNext] Sri Lanka’s electric cars running on coal and diesel!?...
[2026-03-21 20:27:47] [ingestion.scraper] [INFO] [EconomyNext] Sri Lanka to fast-track fuel supply for exporters amid short...
[2026-03-21 20:27:48] [ingestion.scraper] [INFO] [EconomyNext] Adani-led Colombo West terminal hits 1 million TEUs in recor...
[2026-03-21 20:27:49] [ingestion.scraper] [INFO] [EconomyNext] Sri Lanka stocks open down as oil passes $110 a barrel...
[2026-03-21 20:27:50] [ingestion.scraper] [INFO] [EconomyNext] Sri Lanka rupee flat, bond yields trade higher...
[2026-03-21 20:28:06] [ingestion.scraper] [INFO] [EconomyNext] War risk, rerouted ships hit Sri Lanka’s cuppa tea...
[2026-03-21 20:28:06] [ingestion.scraper] [INFO] [EconomyNext] 500 - Internal Server Error...
[2026-03-21 20:28:07] [ingestion.scraper] [INFO] [EconomyNext] Sri Lanka Treasury bill yields flat, half of offered bills s...
[2026-03-21 20:28:08] [ingestion.scraper] [INFO] [EconomyNext] 500 - Internal Server Error...
[2026-03-21 20:28:08] [ingestion.scraper] [INFO] [EconomyNext] NPCI International offers digital payments for Indian travel...
[2026-03-21 20:28:09] [ingestion.scraper] [INFO] [EconomyNext] 500 - Internal Server Error...
[2026-03-21 20:28:10] [ingestion.scraper] [INFO] [EconomyNext] 500 - Internal Server Error...
[2026-03-21 20:28:10] [ingestion.scraper] [INFO] [EconomyNext] Sri Lanka banks to operate shorter hours on Wednesdays...
[2026-03-21 20:28:11] [ingestion.scraper] [INFO] [EconomyNext] Sri Lanka GDP grows 4.8-pct in 4Q, full year 5.0-pct in low ...
[2026-03-21 20:28:12] [ingestion.scraper] [INFO] [EconomyNext] Sri Lanka rupee stronger, bond yields steady...
[2026-03-21 20:28:13] [ingestion.scraper] [INFO] [EconomyNext] Sri Lanka allows fuel business locally in US dollars for sel...
[2026-03-21 20:28:14] [ingestion.scraper] [INFO] [EconomyNext] Sri Lanka needs to sustain strong fiscal, external sector me...
[2026-03-21 20:28:15] [ingestion.scraper] [INFO] [EconomyNext] Sri Lanka rupee stronger, bond yields close up on limited tr...
[2026-03-21 20:28:16] [ingestion.scraper] [INFO] [EconomyNext] Sri Lanka to allow repeat duty-free shopping at Colombo Port...
[2026-03-21 20:28:17] [ingestion.scraper] [INFO] [EconomyNext] 500 - Internal Server Error...
[2026-03-21 20:28:18] [ingestion.scraper] [INFO] [EconomyNext] Sri Lanka’s Hayleys Fentons, India’s JSL wins bid to build M...
[2026-03-21 20:28:18] [ingestion.scraper] [INFO] [EconomyNext] 500 - Internal Server Error...
[2026-03-21 20:28:19] [ingestion.scraper] [INFO] [EconomyNext] Sri Lanka manufacturing continued to expand in Feb 2026: PMI...
[2026-03-21 20:28:21] [ingestion.scraper] [INFO] [EconomyNext] Sri Lanka stocks trend up on Tuesday open...
[2026-03-21 20:28:28] [ingestion.scraper] [DEBUG] [EconomyNext] Sri Lanka’s tourism, tea, textile shares suffer after Gulf e... (unchanged)
[2026-03-21 20:28:29] [ingestion.scraper] [DEBUG] [EconomyNext] IMF team in Sri Lanka for two reviews on reforms... (unchanged)
[2026-03-21 20:28:30] [ingestion.scraper] [DEBUG] [EconomyNext] Sri Lanka GDP grows 4.8-pct in 4Q, full year 5.0-pct in low ... (unchanged)
[2026-03-21 20:28:31] [ingestion.scraper] [DEBUG] [EconomyNext] Sri Lanka needs to sustain strong fiscal, external sector me... (unchanged)
[2026-03-21 20:28:31] [ingestion.scraper] [INFO] [EconomyNext] 500 - Internal Server Error...
[2026-03-21 20:28:32] [ingestion.scraper] [INFO] [EconomyNext] 500 - Internal Server Error...
[2026-03-21 20:28:33] [ingestion.scraper] [INFO] [EconomyNext] Sri Lanka chamber calls for prioritizing fuel, FX...
[2026-03-21 20:28:34] [ingestion.scraper] [INFO] [EconomyNext] 500 - Internal Server Error...
[2026-03-21 20:28:34] [ingestion.scraper] [INFO] [EconomyNext] 500 - Internal Server Error...
[2026-03-21 20:28:35] [ingestion.scraper] [INFO] [EconomyNext] 500 - Internal Server Error...
[2026-03-21 20:28:35] [ingestion.scraper] [INFO] [EconomyNext] 500 - Internal Server Error...
[2026-03-21 20:28:36] [ingestion.scraper] [INFO] [EconomyNext] 500 - Internal Server Error...
[2026-03-21 20:28:37] [ingestion.scraper] [INFO] [EconomyNext] 500 - Internal Server Error...
[2026-03-21 20:28:38] [ingestion.scraper] [INFO] [EconomyNext] Sri Lanka has ‘space’ to absorb oil shocks, central bank gov...
[2026-03-21 20:28:39] [ingestion.scraper] [INFO] [EconomyNext] Iran conflict raises new credit risks for emerging market so...
[2026-03-21 20:28:40] [ingestion.scraper] [INFO] [EconomyNext] Sri Lanka Customs outperforms in February; exceeds revenue g...
[2026-03-21 20:28:40] [ingestion.scraper] [INFO] [EconomyNext] 500 - Internal Server Error...
[2026-03-21 20:28:41] [ingestion.scraper] [INFO] [EconomyNext] Sri Lanka’s debt on sustainable trajectory, bond holders tol...
[2026-03-21 20:28:42] [ingestion.scraper] [INFO] [EconomyNext] Sri Lanka central bank chief to join IMF head for Asia-Pacif...
[2026-03-21 20:28:44] [ingestion.scraper] [INFO] [EconomyNext] Sri Lanka to lower social security contribution levy registr...
[2026-03-21 20:28:45] [ingestion.scraper] [INFO] [EconomyNext] Sri Lanka to create maize committee for price and import con...
[2026-03-21 20:28:46] [ingestion.scraper] [INFO] [EconomyNext] Sri Lanka to remove cess on 2,600 imported goods in stages: ...
[2026-03-21 20:28:47] [ingestion.scraper] [INFO] [EconomyNext] Sri Lanka should have 2-pct inflation target : top economist...
[2026-03-21 20:28:48] [ingestion.scraper] [INFO] [EconomyNext] Sri Lanka’s capex to bring high returns to economy in multip...
[2026-03-21 20:28:48] [ingestion.scraper] [INFO] EconomyNext completed
[2026-03-21 20:28:48] [ingestion.scraper] [INFO] ==================================================
[2026-03-21 20:28:48] [ingestion.scraper] [INFO] Scraping LMD...
[2026-03-21 20:29:01] [ingestion.scraper] [INFO] [LMD] Features...
[2026-03-21 20:29:06] [ingestion.scraper] [INFO] [LMD] CAREERS...
[2026-03-21 20:29:10] [ingestion.scraper] [INFO] [LMD] LMDtv...
[2026-03-21 20:29:14] [ingestion.scraper] [INFO] [LMD] LMD MARCH 2026 COVER STORY...
[2026-03-21 20:29:18] [ingestion.scraper] [INFO] [LMD] Superbrands of Sri Lanka 2025...
[2026-03-21 20:29:24] [ingestion.scraper] [DEBUG] [LMD] Skipped (empty): https://lmdmall.lk
[2026-03-21 20:29:28] [ingestion.scraper] [INFO] [LMD] BUSINESS SENTIMENT...
[2026-03-21 20:29:31] [ingestion.scraper] [INFO] [LMD] HAVE YOUR SAY...
[2026-03-21 20:29:39] [ingestion.scraper] [INFO] [LMD] DIGITAL EDITIONS...
[2026-03-21 20:30:39] [ingestion.base] [WARNING] Timeout loading https://lmd.lk/category/editorials/ — using partial page
[2026-03-21 20:30:39] [ingestion.scraper] [INFO] [LMD] EDITORIALS...
[2026-03-21 20:31:09] [ingestion.scraper] [ERROR] [LMD] Failed scraping https://lmd.lk/category/current-affairs/: Page.goto: net::ERR_TIMED_OUT at https://lmd.lk/category/current-affairs/
Call log:
  - navigating to "https://lmd.lk/category/current-affairs/", waiting until "domcontentloaded"

[2026-03-21 20:31:40] [ingestion.scraper] [ERROR] [LMD] Failed scraping https://lmd.lk/category/business-forum/: Page.goto: net::ERR_TIMED_OUT at https://lmd.lk/category/business-forum/
Call log:
  - navigating to "https://lmd.lk/category/business-forum/", waiting until "domcontentloaded"

[2026-03-21 20:32:10] [ingestion.scraper] [ERROR] [LMD] Failed scraping https://lmd.lk/category/business-affairs/: Page.goto: net::ERR_TIMED_OUT at https://lmd.lk/category/business-affairs/
Call log:
  - navigating to "https://lmd.lk/category/business-affairs/", waiting until "domcontentloaded"

[2026-03-21 20:32:40] [ingestion.scraper] [ERROR] [LMD] Failed scraping https://lmd.lk/category/management-plus/: Page.goto: net::ERR_TIMED_OUT at https://lmd.lk/category/management-plus/
Call log:
  - navigating to "https://lmd.lk/category/management-plus/", waiting until "domcontentloaded"

[2026-03-21 20:33:10] [ingestion.scraper] [ERROR] [LMD] Failed scraping https://lmd.lk/category/top-shelf/: Page.goto: net::ERR_TIMED_OUT at https://lmd.lk/category/top-shelf/
Call log:
  - navigating to "https://lmd.lk/category/top-shelf/", waiting until "domcontentloaded"

[2026-03-21 20:33:40] [ingestion.scraper] [ERROR] [LMD] Failed scraping https://lmd.lk/category/media-releases/: Page.goto: net::ERR_TIMED_OUT at https://lmd.lk/category/media-releases/
Call log:
  - navigating to "https://lmd.lk/category/media-releases/", waiting until "domcontentloaded"

[2026-03-21 20:34:10] [ingestion.scraper] [ERROR] [LMD] Failed scraping https://lmd.lk/unionpay-international-continues-to-partner-lankapay-technnovation-awards-2026-as-platinum-sponsor/: Page.goto: net::ERR_TIMED_OUT at https://lmd.lk/unionpay-international-continues-to-partner-lankapay-technnovation-awards-2026-as-platinum-sponsor/
Call log:
  - navigating to "https://lmd.lk/unionpay-international-continues-to-partner-lankapay-technnovation-awards-2026-as-platinum-sponsor/", waiting until "domcontentloaded"

[2026-03-21 20:34:41] [ingestion.scraper] [ERROR] [LMD] Failed scraping https://lmd.lk/beams-of-light/: Page.goto: net::ERR_TIMED_OUT at https://lmd.lk/beams-of-light/
Call log:
  - navigating to "https://lmd.lk/beams-of-light/", waiting until "domcontentloaded"

[2026-03-21 20:35:11] [ingestion.scraper] [ERROR] [LMD] Failed scraping https://lmd.lk/global-agrifood-implications-of-the-2026-conflict-in-the-middle-east/: Page.goto: net::ERR_TIMED_OUT at https://lmd.lk/global-agrifood-implications-of-the-2026-conflict-in-the-middle-east/
Call log:
  - navigating to "https://lmd.lk/global-agrifood-implications-of-the-2026-conflict-in-the-middle-east/", waiting until "domcontentloaded"

[2026-03-21 20:35:41] [ingestion.scraper] [ERROR] [LMD] Failed scraping https://lmd.lk/spreading-the-spirit-of-ramadan-with-a-blessed-iftar-gathering/: Page.goto: net::ERR_TIMED_OUT at https://lmd.lk/spreading-the-spirit-of-ramadan-with-a-blessed-iftar-gathering/
Call log:
  - navigating to "https://lmd.lk/spreading-the-spirit-of-ramadan-with-a-blessed-iftar-gathering/", waiting until "domcontentloaded"

[2026-03-21 20:36:11] [ingestion.scraper] [ERROR] [LMD] Failed scraping https://lmd.lk/sri-lankan-flavours-inspire-global-collaboration-between-three-iconic-beverage-families/: Page.goto: net::ERR_TIMED_OUT at https://lmd.lk/sri-lankan-flavours-inspire-global-collaboration-between-three-iconic-beverage-families/
Call log:
  - navigating to "https://lmd.lk/sri-lankan-flavours-inspire-global-collaboration-between-three-iconic-beverage-families/", waiting until "domcontentloaded"

[2026-03-21 20:36:41] [ingestion.scraper] [ERROR] [LMD] Failed scraping https://lmd.lk/belmont-institute-of-higher-education-celebrates-graduation-ceremony-recognizing-academic-excellence/: Page.goto: net::ERR_TIMED_OUT at https://lmd.lk/belmont-institute-of-higher-education-celebrates-graduation-ceremony-recognizing-academic-excellence/
Call log:
  - navigating to "https://lmd.lk/belmont-institute-of-higher-education-celebrates-graduation-ceremony-recognizing-academic-excellence/", waiting until "domcontentloaded"

[2026-03-21 20:37:12] [ingestion.scraper] [ERROR] [LMD] Failed scraping https://lmd.lk/fitness-first-jalea-expands-commitment-to-community-fitness/: Page.goto: net::ERR_TIMED_OUT at https://lmd.lk/fitness-first-jalea-expands-commitment-to-community-fitness/
Call log:
  - navigating to "https://lmd.lk/fitness-first-jalea-expands-commitment-to-community-fitness/", waiting until "domcontentloaded"

[2026-03-21 20:37:42] [ingestion.scraper] [ERROR] [LMD] Failed scraping https://lmd.lk/duckworth-lewis-stern-custodian-prof-steven-stern-engages-sri-lanka-in-special-forum-on-cricket-and-analytics/: Page.goto: net::ERR_TIMED_OUT at https://lmd.lk/duckworth-lewis-stern-custodian-prof-steven-stern-engages-sri-lanka-in-special-forum-on-cricket-and-analytics/
Call log:
  - navigating to "https://lmd.lk/duckworth-lewis-stern-custodian-prof-steven-stern-engages-sri-lanka-in-special-forum-on-cricket-and-analytics/", waiting until "domcontentloaded"

[2026-03-21 20:38:12] [ingestion.scraper] [ERROR] [LMD] Failed scraping https://lmd.lk/britol-and-gp-certified-drive-a-revolutionary-shift-with-the-introduction-of-certified-recycled-plastics-in-fmcg-packaging/: Page.goto: net::ERR_TIMED_OUT at https://lmd.lk/britol-and-gp-certified-drive-a-revolutionary-shift-with-the-introduction-of-certified-recycled-plastics-in-fmcg-packaging/
Call log:
  - navigating to "https://lmd.lk/britol-and-gp-certified-drive-a-revolutionary-shift-with-the-introduction-of-certified-recycled-plastics-in-fmcg-packaging/", waiting until "domcontentloaded"

[2026-03-21 20:38:26] [ingestion.scraper] [ERROR] [LMD] Failed scraping https://lmd.lk/novus-technologies-joins-lankapay-technnovation-awards-2026-as-a-platinum-sponsor/: Page.goto: net::ERR_ABORTED at https://lmd.lk/novus-technologies-joins-lankapay-technnovation-awards-2026-as-a-platinum-sponsor/
Call log:
  - navigating to "https://lmd.lk/novus-technologies-joins-lankapay-technnovation-awards-2026-as-a-platinum-sponsor/", waiting until "domcontentloaded"

[2026-03-21 20:38:26] [ingestion.scraper] [ERROR] [LMD] Failed scraping https://lmd.lk/sri-lanka-insurance-corporation-general-extends-strategic-partnership-with-sliit-to-safeguard-teachers-through-guru-buhuman-insurance-solution/: Browser.new_page: Protocol error (Target.createBrowserContext): Failed to create browser context.
[2026-03-21 20:38:26] [ingestion.scraper] [ERROR] [LMD] Failed scraping https://lmd.lk/iihs-international-foundation-introduced-as-a-smart-alternative-to-traditional-a-l-education/: Browser.new_page: Target page, context or browser has been closed
[2026-03-21 20:38:26] [ingestion.scraper] [ERROR] [LMD] Failed scraping https://lmd.lk/category/partner-news/: Browser.new_page: Target page, context or browser has been closed
[2026-03-21 20:38:26] [ingestion.scraper] [ERROR] [LMD] Failed scraping https://lmd.lk/category/opinion-polls/: Browser.new_page: Target page, context or browser has been closed
[2026-03-21 20:38:26] [ingestion.scraper] [ERROR] [LMD] Failed scraping https://lmd.lk/category/financial-profiles/: Browser.new_page: Target page, context or browser has been closed
[2026-03-21 20:38:26] [ingestion.scraper] [ERROR] [LMD] Failed scraping https://lmd.lk/ceylon-chamber-urges-measures-to-safeguard-economic-stability-amid-global-uncertainty/: Browser.new_page: Target page, context or browser has been closed
[2026-03-21 20:38:26] [ingestion.scraper] [ERROR] [LMD] Failed scraping https://lmd.lk/how-the-bombing-of-iran-sent-shockwaves-around-the-world/: Browser.new_page: Target page, context or browser has been closed
[2026-03-21 20:38:26] [ingestion.scraper] [ERROR] [LMD] Failed scraping https://lmd.lk/sri-lanka-appoint-new-head-coach-for-mens-team/: Browser.new_page: Target page, context or browser has been closed
[2026-03-21 20:38:26] [ingestion.scraper] [ERROR] [LMD] Failed scraping https://lmd.lk/forex-us-dollar-surges-as-middle-east-war-sends-oil-to-cusp-of-120/: Browser.new_page: Target page, context or browser has been closed
[2026-03-21 20:38:26] [ingestion.scraper] [ERROR] [LMD] Failed scraping https://lmd.lk/oil-hits-highest-level-since-2023-as-iran-war-triggers-historic-surge/: Browser.new_page: Target page, context or browser has been closed
[2026-03-21 20:38:26] [ingestion.scraper] [ERROR] [LMD] Failed scraping https://lmd.lk/all-the-cards-are-on-the-table-iran-faces-power-vacuum-after-khameneis-death-analysts-say/: Browser.new_page: Target page, context or browser has been closed
[2026-03-21 20:38:26] [ingestion.scraper] [ERROR] [LMD] Failed scraping https://lmd.lk/risks-to-global-oil-supply/: Browser.new_page: Target page, context or browser has been closed
[2026-03-21 20:38:26] [ingestion.scraper] [ERROR] [LMD] Failed scraping https://lmd.lk/what-we-know-so-far/: Browser.new_page: Target page, context or browser has been closed
[2026-03-21 20:38:26] [ingestion.scraper] [ERROR] [LMD] Failed scraping https://lmd.lk/category/online-features/: Browser.new_page: Target page, context or browser has been closed
[2026-03-21 20:38:26] [ingestion.scraper] [ERROR] [LMD] Failed scraping https://lmd.lk/iran-war-leaves-deep-costly-scar-on-mideast-energy/: Browser.new_page: Target page, context or browser has been closed
[2026-03-21 20:38:26] [ingestion.scraper] [ERROR] [LMD] Failed scraping https://lmd.lk/middle-east-travel-advisories-and-warnings-what-to-know/: Browser.new_page: Target page, context or browser has been closed
[2026-03-21 20:38:26] [ingestion.scraper] [ERROR] [LMD] Failed scraping https://lmd.lk/airspace-closed-airlines-halt-flights/: Browser.new_page: Target page, context or browser has been closed
[2026-03-21 20:38:26] [ingestion.scraper] [ERROR] [LMD] Failed scraping https://lmd.lk/a-drive-to-uplift-generations/: Browser.new_page: Target page, context or browser has been closed
[2026-03-21 20:38:26] [ingestion.scraper] [ERROR] [LMD] Failed scraping https://lmd.lk/inspiring-hope/: Browser.new_page: Target page, context or browser has been closed
[2026-03-21 20:38:26] [ingestion.scraper] [ERROR] [LMD] Failed scraping https://lmd.lk/international-day-of-care-and-support/: Browser.new_page: Target page, context or browser has been closed
[2026-03-21 20:38:26] [ingestion.scraper] [ERROR] [LMD] Failed scraping https://lmd.lk/sovereign-debt-restructuring/: Browser.new_page: Target page, context or browser has been closed
[2026-03-21 20:38:26] [ingestion.scraper] [ERROR] [LMD] Failed scraping https://lmd.lk/mindful-solutions-with-mo-gawdat/: Browser.new_page: Target page, context or browser has been closed
[2026-03-21 20:38:26] [ingestion.scraper] [INFO] LMD completed
[2026-03-21 20:38:26] [ingestion.scraper] [INFO] Scraping completed!
[2026-03-21 20:38:27] [orchestration] [INFO] New articles scraped: 71
[2026-03-21 20:38:27] [orchestration] [INFO] Total in data lake: 558
[2026-03-21 20:38:27] [orchestration] [INFO] STAGE 2: Staging
[2026-03-21 20:38:49] [orchestration] [INFO] ============================================================
[2026-03-21 20:38:49] [orchestration] [INFO] PIPELINE START — 2026-03-21 20:38:49
[2026-03-21 20:38:49] [orchestration] [INFO] ============================================================
[2026-03-21 20:38:49] [orchestration] [INFO] STAGE 1: Ingestion SKIPPED (--skip-scraping)
[2026-03-21 20:38:49] [orchestration] [INFO] STAGE 2: Staging
[2026-03-21 20:39:02] [staging.parse] [INFO] Loading raw JSON from data/raw/articles.json
[2026-03-21 20:39:02] [staging.parse] [INFO] Loaded 558 raw articles
[2026-03-21 20:44:27] [orchestration] [INFO] ============================================================
[2026-03-21 20:44:27] [orchestration] [INFO] PIPELINE START — 2026-03-21 20:44:27
[2026-03-21 20:44:27] [orchestration] [INFO] ============================================================
[2026-03-21 20:44:27] [orchestration] [INFO] STAGE 1: Ingestion SKIPPED (--skip-scraping)
[2026-03-21 20:44:27] [orchestration] [INFO] STAGE 2: Staging
[2026-03-21 20:44:36] [staging.parse] [INFO] Loading raw JSON from data/raw/articles.json
[2026-03-21 20:44:36] [staging.parse] [INFO] Loaded 558 raw articles
[2026-03-21 20:45:41] [orchestration] [INFO] ============================================================
[2026-03-21 20:45:41] [orchestration] [INFO] PIPELINE START — 2026-03-21 20:45:41
[2026-03-21 20:45:41] [orchestration] [INFO] ============================================================
[2026-03-21 20:45:41] [orchestration] [INFO] STAGE 1: Ingestion SKIPPED (--skip-scraping)
[2026-03-21 20:45:41] [orchestration] [INFO] STAGE 2: Staging
[2026-03-21 20:45:52] [staging.parse] [INFO] Loading raw JSON from data/raw/articles.json
[2026-03-21 20:45:52] [staging.parse] [INFO] Loaded 558 raw articles
[2026-03-21 20:49:49] [orchestration] [INFO] ============================================================
[2026-03-21 20:49:49] [orchestration] [INFO] PIPELINE START — 2026-03-21 20:49:49
[2026-03-21 20:49:49] [orchestration] [INFO] ============================================================
[2026-03-21 20:49:49] [orchestration] [INFO] STAGE 1: Ingestion SKIPPED (--skip-scraping)
[2026-03-21 20:49:49] [orchestration] [INFO] STAGE 2: Staging
[2026-03-21 20:50:03] [staging.parse] [INFO] Loading raw JSON from data/raw/articles.json
[2026-03-21 20:50:03] [staging.parse] [INFO] Loaded 558 raw articles
[2026-03-21 20:53:51] [orchestration] [INFO] ============================================================
[2026-03-21 20:53:51] [orchestration] [INFO] PIPELINE START — 2026-03-21 20:53:51
[2026-03-21 20:53:51] [orchestration] [INFO] ============================================================
[2026-03-21 20:53:52] [orchestration] [INFO] STAGE 1: Ingestion SKIPPED (--skip-scraping)
[2026-03-21 20:53:52] [orchestration] [INFO] STAGE 2: Staging
[2026-03-21 20:54:04] [staging.parse] [INFO] Loading raw JSON from data/raw/articles.json
[2026-03-21 20:54:04] [staging.parse] [INFO] Loaded 558 raw articles
[2026-03-21 20:59:08] [orchestration] [INFO] ============================================================
[2026-03-21 20:59:08] [orchestration] [INFO] PIPELINE START — 2026-03-21 20:59:08
[2026-03-21 20:59:08] [orchestration] [INFO] ============================================================
[2026-03-21 20:59:08] [orchestration] [INFO] STAGE 1: Ingestion SKIPPED (--skip-scraping)
[2026-03-21 20:59:08] [orchestration] [INFO] STAGE 2: Staging
[2026-03-21 20:59:23] [staging.parse] [INFO] Loading raw JSON from data/raw/articles.json
[2026-03-21 20:59:23] [staging.parse] [INFO] Loaded 558 raw articles
[2026-03-21 21:00:22] [orchestration] [INFO] ============================================================
[2026-03-21 21:00:22] [orchestration] [INFO] PIPELINE START — 2026-03-21 21:00:22
[2026-03-21 21:00:22] [orchestration] [INFO] ============================================================
[2026-03-21 21:00:22] [orchestration] [INFO] STAGE 1: Ingestion SKIPPED (--skip-scraping)
[2026-03-21 21:00:22] [orchestration] [INFO] STAGE 2: Staging
[2026-03-21 21:00:35] [staging.parse] [INFO] Loading raw JSON from data/raw/articles.json
[2026-03-21 21:00:35] [staging.parse] [INFO] Loaded 558 raw articles
[2026-03-21 21:05:26] [orchestration] [INFO] ============================================================
[2026-03-21 21:05:26] [orchestration] [INFO] PIPELINE START — 2026-03-21 21:05:26
[2026-03-21 21:05:26] [orchestration] [INFO] ============================================================
[2026-03-21 21:05:26] [orchestration] [INFO] STAGE 1: Ingestion SKIPPED (--skip-scraping)
[2026-03-21 21:05:26] [orchestration] [INFO] STAGE 2: Staging
[2026-03-21 21:05:42] [staging.parse] [INFO] Loading raw JSON from data/raw/articles.json
[2026-03-21 21:05:42] [staging.parse] [INFO] Loaded 558 raw articles
[2026-03-21 21:06:00] [orchestration] [INFO] ============================================================
[2026-03-21 21:06:00] [orchestration] [INFO] PIPELINE START — 2026-03-21 21:06:00
[2026-03-21 21:06:00] [orchestration] [INFO] ============================================================
[2026-03-21 21:06:00] [orchestration] [INFO] STAGE 1: Ingestion SKIPPED (--skip-scraping)
[2026-03-21 21:06:00] [orchestration] [INFO] STAGE 2: Staging
[2026-03-21 21:06:11] [staging.parse] [INFO] Loading raw JSON from data/raw/articles.json
[2026-03-21 21:06:11] [staging.parse] [INFO] Loaded 558 raw articles
[2026-03-21 21:07:36] [orchestration] [INFO] ============================================================
[2026-03-21 21:07:36] [orchestration] [INFO] PIPELINE START — 2026-03-21 21:07:36
[2026-03-21 21:07:36] [orchestration] [INFO] ============================================================
[2026-03-21 21:07:36] [orchestration] [INFO] STAGE 1: Ingestion SKIPPED (--skip-scraping)
[2026-03-21 21:07:36] [orchestration] [INFO] STAGE 2: Staging
[2026-03-21 21:07:46] [staging.parse] [INFO] Loading raw JSON from data/raw/articles.json
[2026-03-21 21:07:46] [staging.parse] [INFO] Loaded 558 raw articles
